<?xml version="1.0" encoding="UTF-8"?>
<testsuite name="BotTest" tests="6" skipped="0" failures="0" errors="0" timestamp="2022-09-30T09:12:48" hostname="HOME-PC" time="0.05">
  <properties/>
  <testcase name="addUserTest" classname="BotTest" time="0.015"/>
  <testcase name="passTimePenaltyTest" classname="BotTest" time="0.007"/>
  <testcase name="decreaseReputationTest" classname="BotTest" time="0.001"/>
  <testcase name="showAllTest" classname="BotTest" time="0.019"/>
  <testcase name="increaseReputationTest" classname="BotTest" time="0.003"/>
  <testcase name="showMyReputationTest" classname="BotTest" time="0.001"/>
  <system-out><![CDATA[init()
test1=1241=0;
test2=2324=0;
test3=3547=0;
addUserTest()
test4=4437=0;
test5=4128=0;
test6=4539=0;
test7=5314=0;
test8=6691=0;
[User(name=test1, id=1241, reputation=0), User(name=test2, id=2324, reputation=0), User(name=test3, id=3547, reputation=0), User(name=test4, id=4437, reputation=0), User(name=test5, id=4128, reputation=0), User(name=test6, id=4539, reputation=0), User(name=test7, id=5314, reputation=0), User(name=test8, id=6691, reputation=0)]
passTimePenaltyTest()
decreaseReputationTest()
[User(name=test1, id=1241, reputation=-2), User(name=test2, id=2324, reputation=0), User(name=test3, id=3547, reputation=0), User(name=test4, id=4437, reputation=0), User(name=test5, id=4128, reputation=0), User(name=test6, id=4539, reputation=0), User(name=test7, id=5314, reputation=0), User(name=test8, id=6691, reputation=1)]
showAllTest()
increaseReputationTest()
[User(name=test1, id=1241, reputation=-2), User(name=test2, id=2324, reputation=0), User(name=test3, id=3547, reputation=0), User(name=test4, id=4437, reputation=0), User(name=test5, id=4128, reputation=0), User(name=test6, id=4539, reputation=0), User(name=test7, id=5314, reputation=0), User(name=test8, id=6691, reputation=1)]
[User(name=test1, id=1241, reputation=-2), User(name=test2, id=2324, reputation=1), User(name=test3, id=3547, reputation=0), User(name=test4, id=4437, reputation=0), User(name=test5, id=4128, reputation=0), User(name=test6, id=4539, reputation=0), User(name=test7, id=5314, reputation=0), User(name=test8, id=6691, reputation=1)]
[User(name=test1, id=1241, reputation=-2), User(name=test2, id=2324, reputation=2), User(name=test3, id=3547, reputation=0), User(name=test4, id=4437, reputation=0), User(name=test5, id=4128, reputation=0), User(name=test6, id=4539, reputation=0), User(name=test7, id=5314, reputation=0), User(name=test8, id=6691, reputation=1)]
showMyReputationTest()
reputation: 0
[User(name=test1, id=1241, reputation=-2), User(name=test2, id=2324, reputation=2), User(name=test3, id=3547, reputation=0), User(name=test4, id=4437, reputation=0), User(name=test5, id=4128, reputation=0), User(name=test6, id=4539, reputation=0), User(name=test7, id=5314, reputation=0), User(name=test8, id=6691, reputation=1)]
clean()
]]></system-out>
  <system-err><![CDATA[]]></system-err>
</testsuite>
